{"D:\\ProjectReact\\ReactLearning\\src\\components\\Contact.js": {"path":"D:\\ProjectReact\\ReactLearning\\src\\components\\Contact.js","statementMap":{"0":{"start":{"line":1,"column":15},"end":{"line":12,"column":1}},"1":{"start":{"line":2,"column":4},"end":{"line":11,"column":5}}},"fnMap":{"0":{"name":"(anonymous_0)","decl":{"start":{"line":1,"column":15},"end":{"line":1,"column":16}},"loc":{"start":{"line":1,"column":19},"end":{"line":12,"column":1}},"line":1}},"branchMap":{},"s":{"0":1,"1":3},"f":{"0":3},"b":{},"_coverageSchema":"1a1c01bbd47fc00a2c39e90264f33305004495a9","hash":"60ac593f070eeb9ec196eb1898ce51e1a63a02bb"}
,"D:\\ProjectReact\\ReactLearning\\src\\components\\RestaurantCard.js": {"path":"D:\\ProjectReact\\ReactLearning\\src\\components\\RestaurantCard.js","statementMap":{"0":{"start":{"line":3,"column":23},"end":{"line":33,"column":1}},"1":{"start":{"line":4,"column":22},"end":{"line":4,"column":27}},"2":{"start":{"line":6,"column":2},"end":{"line":6,"column":23}},"3":{"start":{"line":15,"column":6},"end":{"line":15,"column":19}},"4":{"start":{"line":17,"column":2},"end":{"line":32,"column":4}},"5":{"start":{"line":35,"column":31},"end":{"line":46,"column":1}},"6":{"start":{"line":36,"column":2},"end":{"line":45,"column":3}},"7":{"start":{"line":38,"column":4},"end":{"line":44,"column":5}}},"fnMap":{"0":{"name":"(anonymous_0)","decl":{"start":{"line":3,"column":23},"end":{"line":3,"column":24}},"loc":{"start":{"line":3,"column":34},"end":{"line":33,"column":1}},"line":3},"1":{"name":"(anonymous_1)","decl":{"start":{"line":35,"column":31},"end":{"line":35,"column":32}},"loc":{"start":{"line":35,"column":49},"end":{"line":46,"column":1}},"line":35},"2":{"name":"(anonymous_2)","decl":{"start":{"line":36,"column":8},"end":{"line":36,"column":9}},"loc":{"start":{"line":36,"column":18},"end":{"line":45,"column":3}},"line":36}},"branchMap":{},"s":{"0":1,"1":1,"2":1,"3":1,"4":1,"5":1,"6":0,"7":0},"f":{"0":1,"1":0,"2":0},"b":{},"_coverageSchema":"1a1c01bbd47fc00a2c39e90264f33305004495a9","hash":"d552bcf2a12a2e133f3cfddcdd03cd9bd7def618"}
,"D:\\ProjectReact\\ReactLearning\\src\\components\\sum.js": {"path":"D:\\ProjectReact\\ReactLearning\\src\\components\\sum.js","statementMap":{"0":{"start":{"line":1,"column":19},"end":{"line":3,"column":1}},"1":{"start":{"line":2,"column":4},"end":{"line":2,"column":15}}},"fnMap":{"0":{"name":"(anonymous_0)","decl":{"start":{"line":1,"column":19},"end":{"line":1,"column":20}},"loc":{"start":{"line":1,"column":30},"end":{"line":3,"column":1}},"line":1}},"branchMap":{},"s":{"0":1,"1":1},"f":{"0":1},"b":{},"_coverageSchema":"1a1c01bbd47fc00a2c39e90264f33305004495a9","hash":"33c1fdf02b7f6615b0bf86dfbb488912fec53791"}
,"D:\\ProjectReact\\ReactLearning\\src\\utils\\constants.js": {"path":"D:\\ProjectReact\\ReactLearning\\src\\utils\\constants.js","statementMap":{"0":{"start":{"line":2,"column":2},"end":{"line":2,"column":85}},"1":{"start":{"line":3,"column":24},"end":{"line":3,"column":119}},"2":{"start":{"line":6,"column":2},"end":{"line":6,"column":130}},"3":{"start":{"line":9,"column":2},"end":{"line":9,"column":124}}},"fnMap":{},"branchMap":{},"s":{"0":1,"1":1,"2":1,"3":1},"f":{},"b":{},"_coverageSchema":"1a1c01bbd47fc00a2c39e90264f33305004495a9","hash":"429b17fba186ea627fb7aa6fc648698538082677"}
}
